<?xml version="1.0" encoding="UTF-8"?>
<!-- Generated by org.testng.reporters.JUnitReportReporter -->
<testsuite hostname="LEERA-REBELLO" name="loginPageValidation.ValidLogin" tests="1" failures="0" timestamp="4 Sep 2020 00:41:22 GMT" time="2.052" errors="0">
  <testcase name="validateValidLogin" time="2.052" classname="loginPageValidation.ValidLogin"/>
</testsuite> <!-- loginPageValidation.ValidLogin -->
