<?xml version="1.0" encoding="UTF-8"?>
<!-- Generated by org.testng.reporters.JUnitReportReporter -->
<testsuite hostname="LEERA-REBELLO" name="adactinHotelApp.tests.NewUserToApplicationTest" tests="10" failures="0" timestamp="7 Sep 2020 06:49:27 GMT" time="60.255" errors="0">
  <testcase name="newUserReset" time="5.838" classname="adactinHotelApp.tests.NewUserToApplicationTest"/>
  <testcase name="newUserDetails" time="5.868" classname="adactinHotelApp.tests.NewUserToApplicationTest"/>
  <testcase name="newUserReset" time="5.857" classname="adactinHotelApp.tests.NewUserToApplicationTest"/>
  <testcase name="newUserDetails" time="5.964" classname="adactinHotelApp.tests.NewUserToApplicationTest"/>
  <testcase name="newUserReset" time="5.805" classname="adactinHotelApp.tests.NewUserToApplicationTest"/>
  <testcase name="newUserDetails" time="7.390" classname="adactinHotelApp.tests.NewUserToApplicationTest"/>
  <testcase name="newUserDetails" time="5.976" classname="adactinHotelApp.tests.NewUserToApplicationTest"/>
  <testcase name="newUserReset" time="5.817" classname="adactinHotelApp.tests.NewUserToApplicationTest"/>
  <testcase name="newUserReset" time="5.824" classname="adactinHotelApp.tests.NewUserToApplicationTest"/>
  <testcase name="newUserDetails" time="5.916" classname="adactinHotelApp.tests.NewUserToApplicationTest"/>
</testsuite> <!-- adactinHotelApp.tests.NewUserToApplicationTest -->
