<?xml version="1.0" encoding="UTF-8"?>
<!-- Generated by org.testng.reporters.JUnitReportReporter -->
<testsuite hostname="LEERA-REBELLO" name="adactinHotelApp.tests.SelectHotelToApplicationTest" tests="3" failures="0" timestamp="7 Sep 2020 14:48:51 GMT" time="5.967" errors="0">
  <testcase name="searchHotelWithValidData" time="3.673" classname="adactinHotelApp.tests.SelectHotelToApplicationTest"/>
  <testcase name="selectHotelFunctionality" time="0.223" classname="adactinHotelApp.tests.SelectHotelToApplicationTest"/>
  <testcase name="validLoginCredentials" time="2.071" classname="adactinHotelApp.tests.SelectHotelToApplicationTest"/>
</testsuite> <!-- adactinHotelApp.tests.SelectHotelToApplicationTest -->
