<?xml version="1.0" encoding="UTF-8"?>
<!-- Generated by org.testng.reporters.JUnitReportReporter -->
<testsuite hostname="LEERA-REBELLO" name="adactinHotelApp.tests.LoginToApplicationTest" tests="14" failures="0" timestamp="7 Sep 2020 14:54:42 GMT" time="11.597" errors="0">
  <testcase name="resetFunctionality" time="0.597" classname="adactinHotelApp.tests.LoginToApplicationTest"/>
  <testcase name="resetPasswordCredentials" time="0.666" classname="adactinHotelApp.tests.LoginToApplicationTest"/>
  <testcase name="resetPasswordCredentials" time="0.671" classname="adactinHotelApp.tests.LoginToApplicationTest"/>
  <testcase name="invalidLoginCredentials" time="0.355" classname="adactinHotelApp.tests.LoginToApplicationTest"/>
  <testcase name="resetPasswordCredentials" time="0.709" classname="adactinHotelApp.tests.LoginToApplicationTest"/>
  <testcase name="resetFunctionality" time="0.696" classname="adactinHotelApp.tests.LoginToApplicationTest"/>
  <testcase name="invalidLoginCredentials" time="0.388" classname="adactinHotelApp.tests.LoginToApplicationTest"/>
  <testcase name="navigationToRegistration" time="0.231" classname="adactinHotelApp.tests.LoginToApplicationTest"/>
  <testcase name="resetFunctionality" time="0.650" classname="adactinHotelApp.tests.LoginToApplicationTest"/>
  <testcase name="forgotPasswordCredentials" time="0.767" classname="adactinHotelApp.tests.LoginToApplicationTest"/>
  <testcase name="forgotPasswordCredentials" time="4.125" classname="adactinHotelApp.tests.LoginToApplicationTest"/>
  <testcase name="forgotPasswordCredentials" time="0.893" classname="adactinHotelApp.tests.LoginToApplicationTest"/>
  <testcase name="invalidLoginCredentials" time="0.433" classname="adactinHotelApp.tests.LoginToApplicationTest"/>
  <testcase name="validLoginCredentials" time="0.416" classname="adactinHotelApp.tests.LoginToApplicationTest"/>
</testsuite> <!-- adactinHotelApp.tests.LoginToApplicationTest -->
