<?xml version="1.0" encoding="UTF-8"?>
<!-- Generated by org.testng.reporters.JUnitReportReporter -->
<testsuite hostname="LEERA-REBELLO" name="adactinHotelApp.tests.NewUserToApplicationTest" tests="10" failures="0" timestamp="7 Sep 2020 14:54:42 GMT" time="79.001" errors="0">
  <testcase name="newUserReset" time="7.865" classname="adactinHotelApp.tests.NewUserToApplicationTest"/>
  <testcase name="newUserDetails" time="5.831" classname="adactinHotelApp.tests.NewUserToApplicationTest"/>
  <testcase name="newUserReset" time="7.920" classname="adactinHotelApp.tests.NewUserToApplicationTest"/>
  <testcase name="newUserDetails" time="5.896" classname="adactinHotelApp.tests.NewUserToApplicationTest"/>
  <testcase name="newUserReset" time="7.899" classname="adactinHotelApp.tests.NewUserToApplicationTest"/>
  <testcase name="newUserDetails" time="15.904" classname="adactinHotelApp.tests.NewUserToApplicationTest"/>
  <testcase name="newUserDetails" time="5.843" classname="adactinHotelApp.tests.NewUserToApplicationTest"/>
  <testcase name="newUserReset" time="7.902" classname="adactinHotelApp.tests.NewUserToApplicationTest"/>
  <testcase name="newUserReset" time="7.905" classname="adactinHotelApp.tests.NewUserToApplicationTest"/>
  <testcase name="newUserDetails" time="6.036" classname="adactinHotelApp.tests.NewUserToApplicationTest"/>
</testsuite> <!-- adactinHotelApp.tests.NewUserToApplicationTest -->
