<?xml version="1.0" encoding="UTF-8"?>
<!-- Generated by org.testng.reporters.JUnitReportReporter -->
<testsuite hostname="LEERA-REBELLO" name="adactinHotelApp.tests.LoginToApplicationTest" tests="14" failures="0" timestamp="7 Sep 2020 12:47:41 GMT" time="10.991" errors="0">
  <testcase name="resetFunctionality" time="0.853" classname="adactinHotelApp.tests.LoginToApplicationTest"/>
  <testcase name="forgotPasswordCredentials" time="0.994" classname="adactinHotelApp.tests.LoginToApplicationTest"/>
  <testcase name="resetPasswordCredentials" time="0.668" classname="adactinHotelApp.tests.LoginToApplicationTest"/>
  <testcase name="forgotPasswordCredentials" time="2.713" classname="adactinHotelApp.tests.LoginToApplicationTest"/>
  <testcase name="validLoginCredentials" time="0.434" classname="adactinHotelApp.tests.LoginToApplicationTest"/>
  <testcase name="forgotPasswordCredentials" time="0.949" classname="adactinHotelApp.tests.LoginToApplicationTest"/>
  <testcase name="resetFunctionality" time="0.838" classname="adactinHotelApp.tests.LoginToApplicationTest"/>
  <testcase name="resetPasswordCredentials" time="0.685" classname="adactinHotelApp.tests.LoginToApplicationTest"/>
  <testcase name="invalidLoginCredentials" time="0.404" classname="adactinHotelApp.tests.LoginToApplicationTest"/>
  <testcase name="resetFunctionality" time="0.842" classname="adactinHotelApp.tests.LoginToApplicationTest"/>
  <testcase name="resetPasswordCredentials" time="0.707" classname="adactinHotelApp.tests.LoginToApplicationTest"/>
  <testcase name="navigationToRegistration" time="0.230" classname="adactinHotelApp.tests.LoginToApplicationTest"/>
  <testcase name="invalidLoginCredentials" time="0.351" classname="adactinHotelApp.tests.LoginToApplicationTest"/>
  <testcase name="invalidLoginCredentials" time="0.323" classname="adactinHotelApp.tests.LoginToApplicationTest"/>
</testsuite> <!-- adactinHotelApp.tests.LoginToApplicationTest -->
